<?xml version="1.0" encoding="UTF-8"?>
<testng-results ignored="5" total="7" passed="2" failed="0" skipped="0">
  <reporter-output>
  </reporter-output>
  <suite started-at="2024-11-27T19:20:56 IST" name="Default suite" finished-at="2024-11-27T19:21:15 IST" duration-ms="19730">
    <groups>
    </groups>
    <test started-at="2024-11-27T19:20:56 IST" name="Default test" finished-at="2024-11-27T19:21:15 IST" duration-ms="19730">
      <class name="sevenrmartsupermarket_tests.SubcategoryTest">
        <test-method is-config="true" signature="launchBrowser()[pri:0, instance:sevenrmartsupermarket_tests.SubcategoryTest@f5958c9]" started-at="2024-11-27T19:20:56 IST" name="launchBrowser" finished-at="2024-11-27T19:21:00 IST" duration-ms="3140" status="PASS">
          <reporter-output>
          </reporter-output>
        </test-method> <!-- launchBrowser -->
        <test-method signature="verifysubCategorydeletion(java.lang.String)[pri:0, instance:sevenrmartsupermarket_tests.SubcategoryTest@f5958c9]" started-at="2024-11-27T19:21:00 IST" name="verifysubCategorydeletion" data-provider="DeleteSubCategory" finished-at="2024-11-27T19:21:06 IST" duration-ms="6762" status="PASS">
          <params>
            <param index="0">
              <value>
                <![CDATA[brocoli]]>
              </value>
            </param>
          </params>
          <reporter-output>
          </reporter-output>
        </test-method> <!-- verifysubCategorydeletion -->
        <test-method is-config="true" signature="terminateBrowser(org.testng.ITestResult)[pri:0, instance:sevenrmartsupermarket_tests.SubcategoryTest@f5958c9]" started-at="2024-11-27T19:21:06 IST" name="terminateBrowser" finished-at="2024-11-27T19:21:07 IST" duration-ms="354" status="PASS">
          <params>
            <param index="0">
              <value>
                <![CDATA[[TestResult name=verifysubCategorydeletion status=SUCCESS method=SubcategoryTest.verifysubCategorydeletion(java.lang.String)[pri:0, instance:sevenrmartsupermarket_tests.SubcategoryTest@f5958c9] output={null}]]]>
              </value>
            </param>
          </params>
          <reporter-output>
          </reporter-output>
        </test-method> <!-- terminateBrowser -->
        <test-method is-config="true" signature="launchBrowser()[pri:0, instance:sevenrmartsupermarket_tests.SubcategoryTest@f5958c9]" started-at="2024-11-27T19:21:07 IST" name="launchBrowser" finished-at="2024-11-27T19:21:09 IST" duration-ms="1808" status="PASS">
          <reporter-output>
          </reporter-output>
        </test-method> <!-- launchBrowser -->
        <test-method signature="verifysubCategorydeletion(java.lang.String)[pri:0, instance:sevenrmartsupermarket_tests.SubcategoryTest@f5958c9]" started-at="2024-11-27T19:21:09 IST" name="verifysubCategorydeletion" data-provider="DeleteSubCategory" finished-at="2024-11-27T19:21:15 IST" duration-ms="6432" status="PASS">
          <params>
            <param index="0">
              <value>
                <![CDATA[dal]]>
              </value>
            </param>
          </params>
          <reporter-output>
          </reporter-output>
        </test-method> <!-- verifysubCategorydeletion -->
        <test-method is-config="true" signature="terminateBrowser(org.testng.ITestResult)[pri:0, instance:sevenrmartsupermarket_tests.SubcategoryTest@f5958c9]" started-at="2024-11-27T19:21:15 IST" name="terminateBrowser" finished-at="2024-11-27T19:21:15 IST" duration-ms="339" status="PASS">
          <params>
            <param index="0">
              <value>
                <![CDATA[[TestResult name=verifysubCategorydeletion status=SUCCESS method=SubcategoryTest.verifysubCategorydeletion(java.lang.String)[pri:0, instance:sevenrmartsupermarket_tests.SubcategoryTest@f5958c9] output={null}]]]>
              </value>
            </param>
          </params>
          <reporter-output>
          </reporter-output>
        </test-method> <!-- terminateBrowser -->
      </class> <!-- sevenrmartsupermarket_tests.SubcategoryTest -->
    </test> <!-- Default test -->
  </suite> <!-- Default suite -->
</testng-results>
