<?xml version="1.0" encoding="UTF-8"?>
<!-- Generated by org.testng.reporters.JUnitXMLReporter -->
<testsuite ignored="3" hostname="LAPTOP-2MK7ALVD" failures="1" tests="2" name="grouping" time="11.176" errors="0" timestamp="2024-11-21T19:56:01 IST">
  <testcase classname="sevenrmartsupermarket_tests.SubcategoryTest" name="verifyInvalidSearchOnSubcategoryList" time="0.066">
    <failure type="java.lang.NullPointerException" message="Cannot invoke &amp;quot;java.util.List.iterator()&amp;quot; because &amp;quot;elements&amp;quot; is null">
      <![CDATA[java.lang.NullPointerException: Cannot invoke "java.util.List.iterator()" because "elements" is null
at sevenrmartsupermarket_utilities.GeneralUtility.getTextOfElements(GeneralUtility.java:24)
at sevenrmartsupermarket_pages.SubcategoryPage.<init>(SubcategoryPage.java:108)
at sevenrmartsupermarket_tests.SubcategoryTest.verifyInvalidSearchOnSubcategoryList(SubcategoryTest.java:39)
at java.base/java.util.ArrayList.forEach(ArrayList.java:1511)
... Removed 27 stack frames]]>
    </failure>
  </testcase> <!-- verifyInvalidSearchOnSubcategoryList -->
  <testcase classname="sevenrmartsupermarket_tests.HomeTest" name="verifyWhetherLogoIsDisplayed" time="1.661"/>
  <testcase classname="sevenrmartsupermarket_tests.SubcategoryTest" name="verifyaddingNewSubcategory" time="0.0">
    <ignored/>
  </testcase> <!-- verifyaddingNewSubcategory -->
  <testcase classname="sevenrmartsupermarket_tests.SubcategoryTest" name="verifySubCategoryListUsingSearchButton" time="0.0">
    <ignored/>
  </testcase> <!-- verifySubCategoryListUsingSearchButton -->
  <testcase classname="sevenrmartsupermarket_tests.SubcategoryTest" name="verifyTheColorOfActiveSubCategoryListIcon" time="0.0">
    <ignored/>
  </testcase> <!-- verifyTheColorOfActiveSubCategoryListIcon -->
</testsuite> <!-- grouping -->
