<?xml version="1.0" encoding="UTF-8"?>
<!-- Generated by org.testng.reporters.JUnitXMLReporter -->
<testsuite ignored="4" hostname="LAPTOP-2MK7ALVD" failures="0" tests="1" name="Default test" time="15.922" errors="0" timestamp="2024-11-25T19:43:18 IST">
  <testcase classname="sevenrmartsupermarket_tests.SubcategoryTest" name="verifysubCategoryUpdation" time="9.019"/>
  <testcase classname="sevenrmartsupermarket_tests.SubcategoryTest" name="verifyTheColorOfActiveSubCategoryListIcon" time="0.0">
    <ignored/>
  </testcase> <!-- verifyTheColorOfActiveSubCategoryListIcon -->
  <testcase classname="sevenrmartsupermarket_tests.SubcategoryTest" name="verifyInvalidSearchOnSubcategoryList" time="0.0">
    <ignored/>
  </testcase> <!-- verifyInvalidSearchOnSubcategoryList -->
  <testcase classname="sevenrmartsupermarket_tests.SubcategoryTest" name="verifyaddingNewSubcategory" time="0.0">
    <ignored/>
  </testcase> <!-- verifyaddingNewSubcategory -->
  <testcase classname="sevenrmartsupermarket_tests.SubcategoryTest" name="verifySubCategoryListUsingSearchButton" time="0.0">
    <ignored/>
  </testcase> <!-- verifySubCategoryListUsingSearchButton -->
</testsuite> <!-- Default test -->
