<?xml version="1.0" encoding="UTF-8"?>
<!-- Generated by org.testng.reporters.JUnitXMLReporter -->
<testsuite ignored="0" hostname="LAPTOP-2MK7ALVD" failures="0" tests="7" name="executinginfirefox" time="10.203" errors="0" timestamp="2024-11-20T20:41:50 IST">
  <testcase classname="sevenrmartsupermarket_tests.HomeTest" name="verifyWhetherLogoIsDisplayed" time="0.001">
    <skipped/>
  </testcase> <!-- verifyWhetherLogoIsDisplayed -->
  <testcase classname="sevenrmartsupermarket_tests.LoginTest" name="VerifySignInButtonIsEnabled" time="0.0">
    <skipped/>
  </testcase> <!-- VerifySignInButtonIsEnabled -->
  <testcase classname="sevenrmartsupermarket_tests.LoginTest" name="verifyAdminUserLogin" time="0.0">
    <skipped/>
  </testcase> <!-- verifyAdminUserLogin -->
  <testcase classname="sevenrmartsupermarket_tests.LoginTest" name="verifyAlertMessageOfInvalidUserLogin" time="0.0">
    <skipped/>
  </testcase> <!-- verifyAlertMessageOfInvalidUserLogin -->
  <testcase classname="sevenrmartsupermarket_tests.LoginTest" name="verifyAlertMessageOfInvalidUserLogin" time="0.0">
    <skipped/>
  </testcase> <!-- verifyAlertMessageOfInvalidUserLogin -->
  <testcase classname="sevenrmartsupermarket_tests.LoginTest" name="verifyApplicationTitle" time="0.0">
    <skipped/>
  </testcase> <!-- verifyApplicationTitle -->
  <testcase classname="sevenrmartsupermarket_tests.LoginTest" name="verifyRememberMeCheckBoxIsEnabled" time="0.0">
    <skipped/>
  </testcase> <!-- verifyRememberMeCheckBoxIsEnabled -->
</testsuite> <!-- executinginfirefox -->
